0 info it worked if it ends with ok
1 verbose cli [ 'C:\\Program Files\\nodejs\\node.exe',
1 verbose cli   'C:\\Users\\abhijit\\AppData\\Roaming\\npm\\node_modules\\npm\\bin\\npm-cli.js',
1 verbose cli   'start' ]
2 info using npm@3.7.5
3 info using node@v6.11.0
4 verbose run-script [ 'prestart', 'start', 'poststart' ]
5 info lifecycle rates-management-system@1.0.0~prestart: rates-management-system@1.0.0
6 silly lifecycle rates-management-system@1.0.0~prestart: no script for prestart, continuing
7 info lifecycle rates-management-system@1.0.0~start: rates-management-system@1.0.0
8 verbose lifecycle rates-management-system@1.0.0~start: unsafe-perm in lifecycle true
9 verbose lifecycle rates-management-system@1.0.0~start: PATH: C:\Users\abhijit\AppData\Roaming\npm\node_modules\npm\bin\node-gyp-bin;E:\Abhijit_Workplace\Temp\2\MockProj\node_modules\.bin;C:\Program Files\nodejs;C:\Users\abhijit\AppData\Roaming\npm;C:\Program Files\nodejs\;C:\ProgramData\Oracle\Java\javapath;C:\Windows\system32;C:\Windows;C:\Windows\System32\Wbem;C:\Windows\System32\WindowsPowerShell\v1.0\;C:\Windows\system32\config\systemprofile\.dnx\bin;C:\Program Files\Microsoft DNX\Dnvm\;C:\Program Files\Microsoft SQL Server\120\Tools\Binn\;C:\Program Files\TortoiseSVN\bin;C:\Program Files\WIDCOMM\Bluetooth Software\;c:\Program Files\Microsoft SQL Server\110\Tools\Binn\;c:\Program Files\Microsoft SQL Server\110\DTS\Binn\;c:\Program Files\Microsoft SQL Server\110\Tools\Binn\ManagementStudio\;C:\Program Files\Skype\Phone\;C:\Program Files\nodejs\;C:\Program Files\Microsoft VS Code\bin;C:\Users\abhijit\AppData\Roaming\npm
10 verbose lifecycle rates-management-system@1.0.0~start: CWD: E:\Abhijit_Workplace\Temp\2\MockProj
11 silly lifecycle rates-management-system@1.0.0~start: Args: [ '/d /s /c',
11 silly lifecycle   'concurrent --kill-others "gulp watch" "lite-server"' ]
12 silly lifecycle rates-management-system@1.0.0~start: Returned: code: 1  signal: null
13 info lifecycle rates-management-system@1.0.0~start: Failed to exec start script
14 verbose stack Error: rates-management-system@1.0.0 start: `concurrent --kill-others "gulp watch" "lite-server"`
14 verbose stack Exit status 1
14 verbose stack     at EventEmitter.<anonymous> (C:\Users\abhijit\AppData\Roaming\npm\node_modules\npm\lib\utils\lifecycle.js:239:16)
14 verbose stack     at emitTwo (events.js:106:13)
14 verbose stack     at EventEmitter.emit (events.js:191:7)
14 verbose stack     at ChildProcess.<anonymous> (C:\Users\abhijit\AppData\Roaming\npm\node_modules\npm\lib\utils\spawn.js:24:14)
14 verbose stack     at emitTwo (events.js:106:13)
14 verbose stack     at ChildProcess.emit (events.js:191:7)
14 verbose stack     at maybeClose (internal/child_process.js:891:16)
14 verbose stack     at Process.ChildProcess._handle.onexit (internal/child_process.js:226:5)
15 verbose pkgid rates-management-system@1.0.0
16 verbose cwd E:\Abhijit_Workplace\Temp\2\MockProj
17 error Windows_NT 6.1.7601
18 error argv "C:\\Program Files\\nodejs\\node.exe" "C:\\Users\\abhijit\\AppData\\Roaming\\npm\\node_modules\\npm\\bin\\npm-cli.js" "start"
19 error node v6.11.0
20 error npm  v3.7.5
21 error code ELIFECYCLE
22 error rates-management-system@1.0.0 start: `concurrent --kill-others "gulp watch" "lite-server"`
22 error Exit status 1
23 error Failed at the rates-management-system@1.0.0 start script 'concurrent --kill-others "gulp watch" "lite-server"'.
23 error Make sure you have the latest version of node.js and npm installed.
23 error If you do, this is most likely a problem with the rates-management-system package,
23 error not with npm itself.
23 error Tell the author that this fails on your system:
23 error     concurrent --kill-others "gulp watch" "lite-server"
23 error You can get information on how to open an issue for this project with:
23 error     npm bugs rates-management-system
23 error Or if that isn't available, you can get their info via:
23 error     npm owner ls rates-management-system
23 error There is likely additional logging output above.
24 verbose exit [ 1, true ]
